Begin
TRAIN views are [ 90 254 283 445 461  15 316 489 159 153 241 250 390 289 171 329 468 355
 154  37 205 366 240 108  45 438  21 367  96 233 428 118 124 191 374 492
 311 451 353 238 322  46 403 221  76   1 213 325 418 102 363 170 343 144
 132  12 327 173 224 342  78 276 387 425 301 196  10 469 271  75 142  65
 340 484 175 362 264 100 491 295 300 235 475 219 330 326 421 157 348  54
 220 402 379 200 179 372  56 440  60 208 107 336  71 474   6 412 113 236
 299 155 272   7 137   8 463 432 375 284 210 188 430  49 134 365 413 239
  59 406 391 411 485 229 297  55 293 490 458 457 453 186 194  52  74  26
 488   4 318 331 245   5 141 383 135 493 122  22  68  20 382  14 278 225
  64 381 231  81 401 302 499 471 455 160 478 364 496 206 319  51 306 452
 332 164 106 481  63 344 427 439 320  89 312 450  93 298 459 308 395  92
  18 198 145 158 150 479 167 255 230 422  66 309 253 140 101 433   2 408
  17 146 249 263  30 114 247 103 405 310 176 246 116 168 415 120 261 112
 360 435 282 136 190 347 181 126 281 252 407 393 354 232 133  33 476 162
  34  44  97  85  61 199 268 218  73  35 303  29 361 392 443 217  27 399
 380 156 429 345 138 212 104 350 346 351 215 385 189 214 204 234 259  67
  24 216 223 129 111 166 417 394  40 274 357  79 313 315  13 287 409 494
 228 161  83 497 473 110 149 152  16 339 109 352 139 237 260 419 317 495
 400 248 386  19 328 296 269 226 414   3 378 125 280 286  77 184 424 477
 275 294 436 182 447  80 307 258  11 371  86 266  36 480  58  41 270  50
 209 397 410 416 123 222  62 377 130 187  23  43 441   0 201 368 426  98
 349 304 487 178 369 256  94 465  95 442 169  69 305  48 341 373 207 279
 227 148 143 334]
TEST views are [131 388 389   9 265 267 277  32 288 290 291 292 165 420  39  42 174 434
 183 185  57 314 444 446 448 193 321 323 324 197  70 454 202 460  82 338
 466 467 470  87 472  91 242 115 243 244 370 119 498 251]
VAL views are [359 356 127 121 273 333 462 423 128 437 464 482 376 262 335 456 117 396
  31 358 257  38 195 483 180 337 105  47 203  88  53 431  72 177 384 163
 172 398 147 192  84 285  28 449  25 151 404  99 211 486]
  0% 0/40000 [00:00<?, ?it/s]/home2/shaurya.dewan/miniconda3/envs/nerf/lib/python3.9/site-packages/torch/functional.py:568: UserWarning: torch.meshgrid: in an upcoming release, it will be required to pass the indexing argument. (Triggered internally at  ../aten/src/ATen/native/TensorShape.cpp:2228.)
  return _VF.meshgrid(tensors, **kwargs)  # type: ignore[attr-defined]






















































































































































  4% 1549/40000 [05:52<2:02:07,  5.25it/s]
[Config] Center cropping of size 240 x 320 is enabled until iter 400
Completed 1 epochs!
[TRAIN] Iter: 400 Loss: 0.057389795780181885  PSNR: 15.250259399414062
[TRAIN] Iter: 400 Validation Loss: 0.07369838654994965  Validation PSNR: 15.18764591217041
Completed 2 epochs!
[TRAIN] Iter: 800 Loss: 0.06120767816901207  PSNR: 14.82923698425293
[TRAIN] Iter: 800 Validation Loss: 0.0830446183681488  Validation PSNR: 13.60775375366211
Completed 3 epochs!
[TRAIN] Iter: 1200 Loss: 0.05108676850795746  PSNR: 15.927197456359863
  4% 1550/40000 [05:52<2:25:52,  4.39it/s]
Traceback (most recent call last):
  File "/home2/shaurya.dewan/miniconda3/envs/nerf/lib/python3.9/shutil.py", line 823, in move
    os.rename(src, real_dst)
OSError: [Errno 18] Invalid cross-device link: '/tmp/tmpvdike32mwandb-media/2ituwmpf.png' -> '/home2/shaurya.dewan/NOCs/nerf-pytorch/wandb/run-20220624_171601-1zyi6rw7/files/media/images/Rendered vs GT Train Image_1553_3b8fed58fd75ea55539a.png'
During handling of the above exception, another exception occurred:
Traceback (most recent call last):
  File "/home2/shaurya.dewan/NOCs/nerf-pytorch/run_nerf.py", line 1002, in <module>
    train()
  File "/home2/shaurya.dewan/NOCs/nerf-pytorch/run_nerf.py", line 878, in train
    wandb.log({
  File "/home2/shaurya.dewan/miniconda3/envs/nerf/lib/python3.9/site-packages/wandb/sdk/wandb_run.py", line 256, in wrapper
    return func(self, *args, **kwargs)
  File "/home2/shaurya.dewan/miniconda3/envs/nerf/lib/python3.9/site-packages/wandb/sdk/wandb_run.py", line 222, in wrapper
    return func(self, *args, **kwargs)
  File "/home2/shaurya.dewan/miniconda3/envs/nerf/lib/python3.9/site-packages/wandb/sdk/wandb_run.py", line 1548, in log
    self._log(data=data, step=step, commit=commit)
  File "/home2/shaurya.dewan/miniconda3/envs/nerf/lib/python3.9/site-packages/wandb/sdk/wandb_run.py", line 1339, in _log
    self._partial_history_callback(data, step, commit)
  File "/home2/shaurya.dewan/miniconda3/envs/nerf/lib/python3.9/site-packages/wandb/sdk/wandb_run.py", line 1228, in _partial_history_callback
    self._backend.interface.publish_partial_history(
  File "/home2/shaurya.dewan/miniconda3/envs/nerf/lib/python3.9/site-packages/wandb/sdk/interface/interface.py", line 541, in publish_partial_history
    data = history_dict_to_json(run, data, step=user_step, ignore_copy_err=True)
  File "/home2/shaurya.dewan/miniconda3/envs/nerf/lib/python3.9/site-packages/wandb/sdk/data_types/utils.py", line 54, in history_dict_to_json
    payload[key] = val_to_json(
  File "/home2/shaurya.dewan/miniconda3/envs/nerf/lib/python3.9/site-packages/wandb/sdk/data_types/utils.py", line 99, in val_to_json
    item.bind_to_run(
  File "/home2/shaurya.dewan/miniconda3/envs/nerf/lib/python3.9/site-packages/wandb/sdk/data_types/image.py", line 341, in bind_to_run
    super().bind_to_run(run, key, step, id_, ignore_copy_err=ignore_copy_err)
  File "/home2/shaurya.dewan/miniconda3/envs/nerf/lib/python3.9/site-packages/wandb/sdk/data_types/base_types/media.py", line 132, in bind_to_run
    shutil.move(self._path, new_path)
  File "/home2/shaurya.dewan/miniconda3/envs/nerf/lib/python3.9/shutil.py", line 843, in move
    copy_function(src, real_dst)
  File "/home2/shaurya.dewan/miniconda3/envs/nerf/lib/python3.9/shutil.py", line 444, in copy2
    copyfile(src, dst, follow_symlinks=follow_symlinks)
  File "/home2/shaurya.dewan/miniconda3/envs/nerf/lib/python3.9/shutil.py", line 266, in copyfile
    with open(dst, 'wb') as fdst:
OSError: [Errno 122] Disk quota exceeded: '/home2/shaurya.dewan/NOCs/nerf-pytorch/wandb/run-20220624_171601-1zyi6rw7/files/media/images/Rendered vs GT Train Image_1553_3b8fed58fd75ea55539a.png'